<?xml version="1.0" encoding="UTF-8"?>
<!-- Generated by org.testng.reporters.JUnitReportReporter -->
<testsuite hostname="MCO-910808-L1" name="MyFramework.BaseLogin" tests="1" failures="0" timestamp="22 Nov 2019 00:56:00 GMT" time="63.824" errors="0">
  <testcase name="login" time="63.824" classname="MyFramework.BaseLogin"/>
</testsuite> <!-- MyFramework.BaseLogin -->
