<?xml version="1.0" encoding="UTF-8"?>
<!-- Generated by org.testng.reporters.JUnitReportReporter -->
<testsuite hostname="MCO-910808-L1" name="MyFramework.ValidateLabel" tests="1" failures="0" timestamp="22 Nov 2019 01:31:37 GMT" time="0.085" errors="0">
  <testcase name="validateLabel" time="0.085" classname="MyFramework.ValidateLabel"/>
</testsuite> <!-- MyFramework.ValidateLabel -->
