<?xml version="1.0" encoding="UTF-8"?>
<!-- Generated by org.testng.reporters.JUnitReportReporter -->
<testsuite hostname="MCO-910808-L1" name="MyFramework.BaseLogin" tests="1" failures="0" timestamp="22 Nov 2019 01:31:37 GMT" time="69.108" errors="0">
  <testcase name="login" time="69.108" classname="MyFramework.BaseLogin"/>
</testsuite> <!-- MyFramework.BaseLogin -->
